<?xml version="1.0" encoding="UTF-8"?>
<!-- Generated by org.testng.reporters.JUnitReportReporter -->
<testsuite hostname="Ярослав-ПК" name="html.usage.NewTest" tests="1" failures="0" timestamp="21 Jun 2015 16:07:41 GMT" time="1.600" errors="0">
  <testcase name="firstTest" time="1.600" classname="html.usage.NewTest"/>
</testsuite> <!-- html.usage.NewTest -->
